roboaccordionview/build/intermediates/manifest_merge_blame_file/debug/processDebugManifest/manifest-merger-blame-debug-report.txt
1<?xml version="1.0" encoding="utf-8"?>
2<manifest xmlns:android="http://schemas.android.com/apk/res/android"
3    package="pl.outofmemory.roboaccordion"
4    android:versionCode="1"
5    android:versionName="1.0" >
6
7    <uses-sdk android:minSdkVersion="24" />
7-->src/main/AndroidManifest.xml:7:5-72
7-->src/main/AndroidManifest.xml:7:15-40
8
9</manifest>